<?xml version="1.0" encoding="UTF-8"?>
<!-- Generated by org.testng.reporters.JUnitXMLReporter -->
<testsuite hostname="IM-RT-LP-071" name="NewTest" tests="1" failures="0" timestamp="15 Mar 2016 10:26:08 GMT" time="47.415" errors="0">
  <testcase name="@BeforeTest beforeTest" time="0.0" classname="HA.TestExecute.NewTest">
    <failure type="org.openqa.selenium.WebDriverException" message="Failed to connect to binary FirefoxBinary(C:\Program Files (x86)\Mozilla Firefox\firefox.exe) on port 7055; process output follows: 
Manager.js:13 - NS_NOINTERFACE: Component does not have requested interface arg 0 [nsIXPCComponents.utils]
System JS : ERROR (null):0 - bad script XDR magic number
System JS : ERROR jar:file:///C:/Program%20Files%20(x86)/Mozilla%20Firefox/omni.ja!/components/nsCrashMonitor.js:5 - NS_NOINTERFACE: Component does not have requested interface arg 0 [nsIXPCComponents.utils]
System JS : ERROR (null):0 - bad script XDR magic number
System JS : ERROR jar:file:///C:/Program%20Files%20(x86)/Mozilla%20Firefox/omni.ja!/components/CrashService.js:7 - NS_NOINTERFACE: Component does not have requested interface arg 0 [nsIXPCComponents.utils]
System JS : ERROR (null):0 - bad script XDR magic number
System JS : ERROR jar:file:///C:/Program%20Files%20(x86)/Mozilla%20Firefox/browser/omni.ja!/components/ExperimentsService.js:7 - NS_NOINTERFACE: Component does not have requested interface arg 0 [nsIXPCComponents.utils]
System JS : ERROR (null):0 - bad script XDR magic number
System JS : ERROR jar:file:///C:/Program%20Files%20(x86)/Mozilla%20Firefox/omni.ja!/components/marionettecomponent.js:63 - SyntaxError: illegal character
System JS : ERROR (null):0 - bad script XDR magic number
System JS : ERROR jar:file:///C:/Program%20Files%20(x86)/Mozilla%20Firefox/omni.ja!/components/FormHistoryStartup.js:8 - NS_NOINTERFACE: Component does not have requested interface arg 0 [nsIXPCComponents.utils]
System JS : ERROR (null):0 - bad script XDR magic number
System JS : ERROR jar:file:///C:/Program%20Files%20(x86)/Mozilla%20Firefox/omni.ja!/components/messageWakeupService.js:5 - NS_NOINTERFACE: Component does not have requested interface arg 0 [nsIXPCComponents.utils]
System JS : ERROR (null):0 - bad script XDR magic number
System JS : ERROR jar:file:///C:/Program%20Files%20(x86)/Mozilla%20Firefox/omni.ja!/components/nsTerminatorTelemetry.js:16 - NS_NOINTERFACE: Component does not have requested interface arg 0 [nsIXPCComponents.utils]
System JS : ERROR (null):0 - bad script XDR magic number
System JS : ERROR jar:file:///C:/Program%20Files%20(x86)/Mozilla%20Firefox/omni.ja!/components/nsUpdateServiceStub.js:6 - NS_NOINTERFACE: Component does not have requested interface arg 0 [nsIXPCComponents.utils]
System JS : ERROR (null):0 - bad script XDR magic number
System JS : ERROR jar:file:///C:/Program%20Files%20(x86)/Mozilla%20Firefox/omni.ja!/components/nsUpdateTimerManager.js:5 - NS_NOINTERFACE: Component does not have requested interface arg 0 [nsIXPCComponents.utils]
System JS : ERROR (null):0 - bad script XDR magic number
System JS : ERROR jar:file:///C:/Program%20Files%20(x86)/Mozilla%20Firefox/browser/omni.ja!/components/nsBrowserContentHandler.js:5 - NS_NOINTERFACE: Component does not have requested interface arg 0 [nsIXPCComponents.utils]
System JS : ERROR (null):0 - bad script XDR magic number
System JS : ERROR jar:file:///C:/Program%20Files%20(x86)/Mozilla%20Firefox/browser/omni.ja!/components/webideCli.js:6 - NS_NOINTERFACE: Component does not have requested interface arg 0 [nsIXPCComponents.utils]
System JS : ERROR (null):0 - bad script XDR magic number
System JS : ERROR jar:file:///C:/Program%20Files%20(x86)/Mozilla%20Firefox/browser/omni.ja!/components/devtools-clhandler.js:57 - SyntaxError: missing : after property id
System JS : ERROR (null):0 - bad script XDR magic number
System JS : ERROR jar:file:///C:/Program%20Files%20(x86)/Mozilla%20Firefox/omni.ja!/components/recording-cmdline.js:5 - NS_NOINTERFACE: Component does not have requested interface arg 0 [nsIXPCComponents.utils]
System JS : ERROR (null):0 - bad script XDR magic number
System JS : ERROR jar:file:///C:/Program%20Files%20(x86)/Mozilla%20Firefox/browser/omni.ja!/components/nsSetDefaultBrowser.js:12 - NS_NOINTERFACE: Component does not have requested interface arg 0 [nsIXPCComponents.utils]
System JS : ERROR (null):0 - bad script XDR magic number
System JS : ERROR jar:file:///C:/Program%20Files%20(x86)/Mozilla%20Firefox/omni.ja!/components/nsDefaultCLH.js:5 - NS_NOINTERFACE: Component does not have requested interface arg 0 [nsIXPCComponents.utils]

Build info: version: &amp;apos;2.45.0&amp;apos;, revision: &amp;apos;32a636c&amp;apos;, time: &amp;apos;2015-03-05 22:01:35&amp;apos;
System info: host: &amp;apos;IM-RT-LP-071&amp;apos;, ip: &amp;apos;192.168.234.139&amp;apos;, os.name: &amp;apos;Windows 7&amp;apos;, os.arch: &amp;apos;amd64&amp;apos;, os.version: &amp;apos;6.1&amp;apos;, java.version: &amp;apos;1.8.0_73&amp;apos;
Driver info: driver.version: FirefoxDriver">
      <![CDATA[org.openqa.selenium.WebDriverException: Failed to connect to binary FirefoxBinary(C:\Program Files (x86)\Mozilla Firefox\firefox.exe) on port 7055; process output follows: 
Manager.js:13 - NS_NOINTERFACE: Component does not have requested interface arg 0 [nsIXPCComponents.utils]
System JS : ERROR (null):0 - bad script XDR magic number
System JS : ERROR jar:file:///C:/Program%20Files%20(x86)/Mozilla%20Firefox/omni.ja!/components/nsCrashMonitor.js:5 - NS_NOINTERFACE: Component does not have requested interface arg 0 [nsIXPCComponents.utils]
System JS : ERROR (null):0 - bad script XDR magic number
System JS : ERROR jar:file:///C:/Program%20Files%20(x86)/Mozilla%20Firefox/omni.ja!/components/CrashService.js:7 - NS_NOINTERFACE: Component does not have requested interface arg 0 [nsIXPCComponents.utils]
System JS : ERROR (null):0 - bad script XDR magic number
System JS : ERROR jar:file:///C:/Program%20Files%20(x86)/Mozilla%20Firefox/browser/omni.ja!/components/ExperimentsService.js:7 - NS_NOINTERFACE: Component does not have requested interface arg 0 [nsIXPCComponents.utils]
System JS : ERROR (null):0 - bad script XDR magic number
System JS : ERROR jar:file:///C:/Program%20Files%20(x86)/Mozilla%20Firefox/omni.ja!/components/marionettecomponent.js:63 - SyntaxError: illegal character
System JS : ERROR (null):0 - bad script XDR magic number
System JS : ERROR jar:file:///C:/Program%20Files%20(x86)/Mozilla%20Firefox/omni.ja!/components/FormHistoryStartup.js:8 - NS_NOINTERFACE: Component does not have requested interface arg 0 [nsIXPCComponents.utils]
System JS : ERROR (null):0 - bad script XDR magic number
System JS : ERROR jar:file:///C:/Program%20Files%20(x86)/Mozilla%20Firefox/omni.ja!/components/messageWakeupService.js:5 - NS_NOINTERFACE: Component does not have requested interface arg 0 [nsIXPCComponents.utils]
System JS : ERROR (null):0 - bad script XDR magic number
System JS : ERROR jar:file:///C:/Program%20Files%20(x86)/Mozilla%20Firefox/omni.ja!/components/nsTerminatorTelemetry.js:16 - NS_NOINTERFACE: Component does not have requested interface arg 0 [nsIXPCComponents.utils]
System JS : ERROR (null):0 - bad script XDR magic number
System JS : ERROR jar:file:///C:/Program%20Files%20(x86)/Mozilla%20Firefox/omni.ja!/components/nsUpdateServiceStub.js:6 - NS_NOINTERFACE: Component does not have requested interface arg 0 [nsIXPCComponents.utils]
System JS : ERROR (null):0 - bad script XDR magic number
System JS : ERROR jar:file:///C:/Program%20Files%20(x86)/Mozilla%20Firefox/omni.ja!/components/nsUpdateTimerManager.js:5 - NS_NOINTERFACE: Component does not have requested interface arg 0 [nsIXPCComponents.utils]
System JS : ERROR (null):0 - bad script XDR magic number
System JS : ERROR jar:file:///C:/Program%20Files%20(x86)/Mozilla%20Firefox/browser/omni.ja!/components/nsBrowserContentHandler.js:5 - NS_NOINTERFACE: Component does not have requested interface arg 0 [nsIXPCComponents.utils]
System JS : ERROR (null):0 - bad script XDR magic number
System JS : ERROR jar:file:///C:/Program%20Files%20(x86)/Mozilla%20Firefox/browser/omni.ja!/components/webideCli.js:6 - NS_NOINTERFACE: Component does not have requested interface arg 0 [nsIXPCComponents.utils]
System JS : ERROR (null):0 - bad script XDR magic number
System JS : ERROR jar:file:///C:/Program%20Files%20(x86)/Mozilla%20Firefox/browser/omni.ja!/components/devtools-clhandler.js:57 - SyntaxError: missing : after property id
System JS : ERROR (null):0 - bad script XDR magic number
System JS : ERROR jar:file:///C:/Program%20Files%20(x86)/Mozilla%20Firefox/omni.ja!/components/recording-cmdline.js:5 - NS_NOINTERFACE: Component does not have requested interface arg 0 [nsIXPCComponents.utils]
System JS : ERROR (null):0 - bad script XDR magic number
System JS : ERROR jar:file:///C:/Program%20Files%20(x86)/Mozilla%20Firefox/browser/omni.ja!/components/nsSetDefaultBrowser.js:12 - NS_NOINTERFACE: Component does not have requested interface arg 0 [nsIXPCComponents.utils]
System JS : ERROR (null):0 - bad script XDR magic number
System JS : ERROR jar:file:///C:/Program%20Files%20(x86)/Mozilla%20Firefox/omni.ja!/components/nsDefaultCLH.js:5 - NS_NOINTERFACE: Component does not have requested interface arg 0 [nsIXPCComponents.utils]

Build info: version: '2.45.0', revision: '32a636c', time: '2015-03-05 22:01:35'
System info: host: 'IM-RT-LP-071', ip: '192.168.234.139', os.name: 'Windows 7', os.arch: 'amd64', os.version: '6.1', java.version: '1.8.0_73'
Driver info: driver.version: FirefoxDriver
	at org.openqa.selenium.firefox.internal.NewProfileExtensionConnection.start(NewProfileExtensionConnection.java:130)
	at org.openqa.selenium.firefox.FirefoxDriver.startClient(FirefoxDriver.java:246)
	at org.openqa.selenium.remote.RemoteWebDriver.<init>(RemoteWebDriver.java:114)
	at org.openqa.selenium.firefox.FirefoxDriver.<init>(FirefoxDriver.java:193)
	at org.openqa.selenium.firefox.FirefoxDriver.<init>(FirefoxDriver.java:186)
	at org.openqa.selenium.firefox.FirefoxDriver.<init>(FirefoxDriver.java:182)
	at org.openqa.selenium.firefox.FirefoxDriver.<init>(FirefoxDriver.java:95)
	at HA.SeleniumLib.Common.driver(Unknown Source)
	at HA.SeleniumLib.Login.signIn(Unknown Source)
	at HA.TestExecute.NewTest.beforeTest(Unknown Source)
Caused by: org.openqa.selenium.firefox.NotConnectedException: Unable to connect to host 127.0.0.1 on port 7055 after 45000 ms. Firefox console output:
Manager.js:13 - NS_NOINTERFACE: Component does not have requested interface arg 0 [nsIXPCComponents.utils]
System JS : ERROR (null):0 - bad script XDR magic number
System JS : ERROR jar:file:///C:/Program%20Files%20(x86)/Mozilla%20Firefox/omni.ja!/components/nsCrashMonitor.js:5 - NS_NOINTERFACE: Component does not have requested interface arg 0 [nsIXPCComponents.utils]
System JS : ERROR (null):0 - bad script XDR magic number
System JS : ERROR jar:file:///C:/Program%20Files%20(x86)/Mozilla%20Firefox/omni.ja!/components/CrashService.js:7 - NS_NOINTERFACE: Component does not have requested interface arg 0 [nsIXPCComponents.utils]
System JS : ERROR (null):0 - bad script XDR magic number
System JS : ERROR jar:file:///C:/Program%20Files%20(x86)/Mozilla%20Firefox/browser/omni.ja!/components/ExperimentsService.js:7 - NS_NOINTERFACE: Component does not have requested interface arg 0 [nsIXPCComponents.utils]
System JS : ERROR (null):0 - bad script XDR magic number
System JS : ERROR jar:file:///C:/Program%20Files%20(x86)/Mozilla%20Firefox/omni.ja!/components/marionettecomponent.js:63 - SyntaxError: illegal character
System JS : ERROR (null):0 - bad script XDR magic number
System JS : ERROR jar:file:///C:/Program%20Files%20(x86)/Mozilla%20Firefox/omni.ja!/components/FormHistoryStartup.js:8 - NS_NOINTERFACE: Component does not have requested interface arg 0 [nsIXPCComponents.utils]
System JS : ERROR (null):0 - bad script XDR magic number
System JS : ERROR jar:file:///C:/Program%20Files%20(x86)/Mozilla%20Firefox/omni.ja!/components/messageWakeupService.js:5 - NS_NOINTERFACE: Component does not have requested interface arg 0 [nsIXPCComponents.utils]
System JS : ERROR (null):0 - bad script XDR magic number
System JS : ERROR jar:file:///C:/Program%20Files%20(x86)/Mozilla%20Firefox/omni.ja!/components/nsTerminatorTelemetry.js:16 - NS_NOINTERFACE: Component does not have requested interface arg 0 [nsIXPCComponents.utils]
System JS : ERROR (null):0 - bad script XDR magic number
System JS : ERROR jar:file:///C:/Program%20Files%20(x86)/Mozilla%20Firefox/omni.ja!/components/nsUpdateServiceStub.js:6 - NS_NOINTERFACE: Component does not have requested interface arg 0 [nsIXPCComponents.utils]
System JS : ERROR (null):0 - bad script XDR magic number
System JS : ERROR jar:file:///C:/Program%20Files%20(x86)/Mozilla%20Firefox/omni.ja!/components/nsUpdateTimerManager.js:5 - NS_NOINTERFACE: Component does not have requested interface arg 0 [nsIXPCComponents.utils]
System JS : ERROR (null):0 - bad script XDR magic number
System JS : ERROR jar:file:///C:/Program%20Files%20(x86)/Mozilla%20Firefox/browser/omni.ja!/components/nsBrowserContentHandler.js:5 - NS_NOINTERFACE: Component does not have requested interface arg 0 [nsIXPCComponents.utils]
System JS : ERROR (null):0 - bad script XDR magic number
System JS : ERROR jar:file:///C:/Program%20Files%20(x86)/Mozilla%20Firefox/browser/omni.ja!/components/webideCli.js:6 - NS_NOINTERFACE: Component does not have requested interface arg 0 [nsIXPCComponents.utils]
System JS : ERROR (null):0 - bad script XDR magic number
System JS : ERROR jar:file:///C:/Program%20Files%20(x86)/Mozilla%20Firefox/browser/omni.ja!/components/devtools-clhandler.js:57 - SyntaxError: missing : after property id
System JS : ERROR (null):0 - bad script XDR magic number
System JS : ERROR jar:file:///C:/Program%20Files%20(x86)/Mozilla%20Firefox/omni.ja!/components/recording-cmdline.js:5 - NS_NOINTERFACE: Component does not have requested interface arg 0 [nsIXPCComponents.utils]
System JS : ERROR (null):0 - bad script XDR magic number
System JS : ERROR jar:file:///C:/Program%20Files%20(x86)/Mozilla%20Firefox/browser/omni.ja!/components/nsSetDefaultBrowser.js:12 - NS_NOINTERFACE: Component does not have requested interface arg 0 [nsIXPCComponents.utils]
System JS : ERROR (null):0 - bad script XDR magic number
System JS : ERROR jar:file:///C:/Program%20Files%20(x86)/Mozilla%20Firefox/omni.ja!/components/nsDefaultCLH.js:5 - NS_NOINTERFACE: Component does not have requested interface arg 0 [nsIXPCComponents.utils]

	at org.openqa.selenium.firefox.internal.NewProfileExtensionConnection.start(NewProfileExtensionConnection.java:118)
	... 30 more
... Removed 21 stack frames]]>
    </failure>
  </testcase> <!-- @BeforeTest beforeTest -->
  <testcase name="@AfterTest afterTest" time="0.0" classname="HA.TestExecute.NewTest">
    <skipped/>
  </testcase> <!-- @AfterTest afterTest -->
  <testcase name="f" time="0.0" classname="HA.TestExecute.NewTest">
    <skipped/>
  </testcase> <!-- f -->
</testsuite> <!-- NewTest -->
